<?xml version="1.0" encoding="UTF-8"?>
<testng-results ignored="0" total="1" passed="1" failed="0" skipped="0">
  <reporter-output>
  </reporter-output>
  <suite started-at="2024-12-28T11:16:10 IST" name="Suite" finished-at="2024-12-28T11:16:17 IST" duration-ms="7055">
    <groups>
    </groups>
    <test started-at="2024-12-28T11:16:10 IST" name="Test" finished-at="2024-12-28T11:16:17 IST" duration-ms="7055">
      <class name="com.vikas.Demo">
        <test-method is-config="true" signature="init()[pri:0, instance:com.vikas.Demo@73e22a3d]" started-at="2024-12-28T11:16:10 IST" name="init" finished-at="2024-12-28T11:16:11 IST" duration-ms="1015" status="PASS">
          <reporter-output>
          </reporter-output>
        </test-method> <!-- init -->
        <test-method signature="doWalk()[pri:0, instance:com.vikas.Demo@73e22a3d]" started-at="2024-12-28T11:16:11 IST" name="doWalk" finished-at="2024-12-28T11:16:13 IST" duration-ms="1907" status="PASS">
          <reporter-output>
          </reporter-output>
        </test-method> <!-- doWalk -->
        <test-method is-config="true" signature="teardown()[pri:0, instance:com.vikas.Demo@73e22a3d]" started-at="2024-12-28T11:16:13 IST" name="teardown" finished-at="2024-12-28T11:16:17 IST" duration-ms="4122" status="PASS">
          <reporter-output>
          </reporter-output>
        </test-method> <!-- teardown -->
      </class> <!-- com.vikas.Demo -->
    </test> <!-- Test -->
  </suite> <!-- Suite -->
</testng-results>
