<?xml version="1.0" encoding="UTF-8"?>
<testng-results ignored="1" total="2" passed="1" failed="0" skipped="0">
  <reporter-output>
  </reporter-output>
  <suite started-at="2024-12-28T21:27:12 IST" name="Default suite" finished-at="2024-12-28T21:27:19 IST" duration-ms="6974">
    <groups>
    </groups>
    <test started-at="2024-12-28T21:27:12 IST" name="Default test" finished-at="2024-12-28T21:27:19 IST" duration-ms="6974">
      <class name="com.vikas.Demo">
        <test-method is-config="true" signature="init()[pri:0, instance:com.vikas.Demo@18d87d80]" started-at="2024-12-28T21:27:12 IST" name="init" finished-at="2024-12-28T21:27:13 IST" duration-ms="904" status="PASS">
          <reporter-output>
          </reporter-output>
        </test-method> <!-- init -->
        <test-method signature="doWalk(java.lang.String)[pri:0, instance:com.vikas.Demo@18d87d80]" started-at="2024-12-28T21:27:13 IST" name="doWalk" finished-at="2024-12-28T21:27:15 IST" duration-ms="1929" status="PASS">
          <params>
            <param index="0">
              <value>
                <![CDATA[default browser]]>
              </value>
            </param>
          </params>
          <reporter-output>
          </reporter-output>
        </test-method> <!-- doWalk -->
        <test-method is-config="true" signature="teardown()[pri:0, instance:com.vikas.Demo@18d87d80]" started-at="2024-12-28T21:27:15 IST" name="teardown" finished-at="2024-12-28T21:27:19 IST" duration-ms="4127" status="PASS">
          <reporter-output>
          </reporter-output>
        </test-method> <!-- teardown -->
      </class> <!-- com.vikas.Demo -->
    </test> <!-- Default test -->
  </suite> <!-- Default suite -->
</testng-results>
